Base path: /Applications/Unity/Unity.app/Contents
Pipe name: \\.\pipe\UnityShaderCompiler-64bit-1-2084029184
Cmd: getPlatforms
Cmd: compileSnippet
  api=0 type=0 insize=3211 outsize=1137 kw= ok=1
Cmd: compileSnippet
  api=0 type=1 insize=3211 outsize=6 kw= ok=1
Cmd: compileSnippet
  api=0 type=0 insize=3212 outsize=1061 kw= ok=1
Cmd: compileSnippet
  api=0 type=1 insize=3212 outsize=6 kw= ok=1
Cmd: compileSnippet
  api=0 type=0 insize=954 outsize=514 kw= ok=1
Cmd: compileSnippet
  api=0 type=1 insize=954 outsize=6 kw= ok=1
Cmd: compileSnippet
  api=0 type=0 insize=4620 outsize=1351 kw= ok=1
Cmd: compileSnippet
  api=0 type=1 insize=4620 outsize=6 kw= ok=1
Cmd: compileSnippet
  api=0 type=0 insize=3196 outsize=430 kw= ok=1
Cmd: compileSnippet
  api=0 type=1 insize=3196 outsize=6 kw= ok=1
Cmd: compileSnippet
  api=0 type=0 insize=3195 outsize=579 kw= ok=1
Cmd: compileSnippet
  api=0 type=1 insize=3195 outsize=6 kw= ok=1
Cmd: compileSnippet
  api=0 type=0 insize=1008 outsize=416 kw= ok=1
Cmd: compileSnippet
  api=0 type=1 insize=1008 outsize=6 kw= ok=1
Cmd: compileSnippet
  api=0 type=0 insize=1298 outsize=1095 kw= ok=1
Cmd: compileSnippet
  api=0 type=1 insize=1298 outsize=6 kw= ok=1
Cmd: compileSnippet
  api=0 type=0 insize=1135 outsize=806 kw= ok=1
Cmd: compileSnippet
  api=0 type=1 insize=1135 outsize=6 kw= ok=1
Cmd: compileSnippet
  api=0 type=0 insize=1706 outsize=598 kw=SOFTPARTICLES_OFF ok=1
Cmd: compileSnippet
  api=0 type=1 insize=1706 outsize=6 kw=SOFTPARTICLES_OFF ok=1
Cmd: compileSnippet
  api=0 type=0 insize=541 outsize=1880 kw=SHADOWS_DEPTH ok=1
Cmd: compileSnippet
  api=0 type=1 insize=541 outsize=6 kw=SHADOWS_DEPTH ok=1
Cmd: compileSnippet
  api=0 type=0 insize=6810 outsize=2287 kw=DIRECTIONAL SHADOWS_OFF LIGHTMAP_OFF DIRLIGHTMAP_OFF DYNAMICLIGHTMAP_OFF ok=1
Cmd: compileSnippet
  api=0 type=1 insize=6810 outsize=6 kw=DIRECTIONAL SHADOWS_OFF LIGHTMAP_OFF DIRLIGHTMAP_OFF DYNAMICLIGHTMAP_OFF ok=1
Cmd: compileSnippet
  api=0 type=0 insize=3647 outsize=1476 kw=DIRECTIONAL ok=1
Cmd: compileSnippet
  api=0 type=1 insize=3647 outsize=6 kw=DIRECTIONAL ok=1
